#-----------------------------------------------------------
# Vivado v2018.2 (64-bit)
# SW Build 2258646 on Thu Jun 14 20:03:12 MDT 2018
# IP Build 2256618 on Thu Jun 14 22:10:49 MDT 2018
# Start of session at: Sat Jun 30 18:46:26 2018
# Process ID: 6564
# Current directory: D:/postureRec/posture_recognition
# Command line: vivado.exe -gui_launcher_event rodinguilauncherevent872 D:\postureRec\posture_recognition\posture_recognition.xpr
# Log file: D:/postureRec/posture_recognition/vivado.log
# Journal file: D:/postureRec/posture_recognition\vivado.jou
#-----------------------------------------------------------
start_gui
open_project D:/postureRec/posture_recognition/posture_recognition.xpr
Scanning sources...
Finished scanning sources
INFO: [IP_Flow 19-234] Refreshing IP repositories
INFO: [IP_Flow 19-1704] No user IP repositories specified
INFO: [IP_Flow 19-2313] Loaded Vivado IP repository 'D:/Xilinx/Vivado/2018.2/data/ip'.
open_project: Time (s): cpu = 00:00:38 ; elapsed = 00:00:54 . Memory (MB): peak = 1301.664 ; gain = 623.336
update_compile_order -fileset sources_1
exit
INFO: [Common 17-206] Exiting Vivado at Sat Jun 30 19:08:01 2018...
